#
# There is insufficient memory for the Java Runtime Environment to continue.
# Native memory allocation (mmap) failed to map 65536 bytes for Failed to commit metaspace.
# Possible reasons:
#   The system is out of physical RAM or swap space
#   The process is running with CompressedOops enabled, and the Java Heap may be blocking the growth of the native heap
# Possible solutions:
#   Reduce memory load on the system
#   Increase physical memory or swap space
#   Check if swap backing store is full
#   Decrease Java heap size (-Xmx/-Xms)
#   Decrease number of Java threads
#   Decrease Java thread stack sizes (-Xss)
#   Set larger code cache with -XX:ReservedCodeCacheSize=
#   JVM is running with Unscaled Compressed Oops mode in which the Java heap is
#     placed in the first 4GB address space. The Java Heap base address is the
#     maximum limit for the native heap growth. Please use -XX:HeapBaseMinAddress
#     to set the Java Heap base and to place the Java Heap above 4GB virtual address.
# This output file may be truncated or incomplete.
#
#  Out of Memory Error (virtualSpaceNode.cpp:110), pid=10996, tid=9696
#
# JRE version: OpenJDK Runtime Environment Temurin-17.0.1+12 (17.0.1+12) (build 17.0.1+12)
# Java VM: OpenJDK 64-Bit Server VM Temurin-17.0.1+12 (17.0.1+12, mixed mode, emulated-client, tiered, compressed oops, compressed class ptrs, g1 gc, windows-amd64)
# No core dump will be written. Minidumps are not enabled by default on client versions of Windows
#

---------------  S U M M A R Y ------------

Command Line: -Dcom.sun.management.jmxremote -Dcom.sun.management.jmxremote.port=55068 -Dcom.sun.management.jmxremote.authenticate=false -Dcom.sun.management.jmxremote.ssl=false -Djava.rmi.server.hostname=localhost -Dspring.jmx.enabled=true -Dspring.application.admin.enabled=true -XX:TieredStopAtLevel=1 -Dspring.boot.project.name=jpabdalumnos -Dfile.encoding=Cp1252 -XX:+ShowCodeDetailsInExceptionMessages com.fptxurdinaga.jpabdalumnos.JpabdalumnosApplication --spring.output.ansi.enabled=always

Host: Intel(R) Core(TM) i7-8565U CPU @ 1.80GHz, 8 cores, 7G,  Windows 10 , 64 bit Build 19041 (10.0.19041.1566)
Time: Wed Mar 16 11:56:00 2022 Hora estándar romance elapsed time: 0.900438 seconds (0d 0h 0m 0s)

---------------  T H R E A D  ---------------

Current thread (0x000001a3a8843dc0):  JavaThread "background-preinit" [_thread_in_vm, id=9696, stack(0x0000003721c00000,0x0000003721d00000)]

Stack: [0x0000003721c00000,0x0000003721d00000]
Native frames: (J=compiled Java code, j=interpreted, Vv=VM code, C=native code)
V  [jvm.dll+0x6744da]
V  [jvm.dll+0x82e144]
V  [jvm.dll+0x82f8ee]
V  [jvm.dll+0x82ff53]
V  [jvm.dll+0x245175]
V  [jvm.dll+0x82a0eb]
V  [jvm.dll+0x619566]
V  [jvm.dll+0x6195ca]
V  [jvm.dll+0x61bdea]
V  [jvm.dll+0x619f06]
V  [jvm.dll+0x23ab30]
V  [jvm.dll+0x1ea82d]
V  [jvm.dll+0x1e0261]
V  [jvm.dll+0x53b150]
V  [jvm.dll+0x1f0a57]
V  [jvm.dll+0x7a87ab]
V  [jvm.dll+0x7a9b52]
V  [jvm.dll+0x413245]
C  [java.dll+0x1a55]

Java frames: (J=compiled Java code, j=interpreted, Vv=VM code)
J 1081  java.lang.ClassLoader.findBootstrapClass(Ljava/lang/String;)Ljava/lang/Class; java.base@17.0.1 (0 bytes) @ 0x000001a39c1fabf2 [0x000001a39c1faba0+0x0000000000000052]
J 1085 c1 jdk.internal.loader.ClassLoaders$BootClassLoader.loadClassOrNull(Ljava/lang/String;Z)Ljava/lang/Class; java.base@17.0.1 (10 bytes) @ 0x000001a39c1fc3a4 [0x000001a39c1fc340+0x0000000000000064]
J 955 c1 jdk.internal.loader.BuiltinClassLoader.loadClassOrNull(Ljava/lang/String;Z)Ljava/lang/Class; java.base@17.0.1 (143 bytes) @ 0x000001a39c1c3af4 [0x000001a39c1c3780+0x0000000000000374]
J 1093 c1 jdk.internal.loader.ClassLoaders$AppClassLoader.loadClass(Ljava/lang/String;Z)Ljava/lang/Class; java.base@17.0.1 (40 bytes) @ 0x000001a39c201ea4 [0x000001a39c201d60+0x0000000000000144]
J 1083 c1 java.lang.ClassLoader.loadClass(Ljava/lang/String;)Ljava/lang/Class; java.base@17.0.1 (7 bytes) @ 0x000001a39c1fbd64 [0x000001a39c1fbd20+0x0000000000000044]
v  ~StubRoutines::call_stub
j  org.springframework.http.converter.xml.SourceHttpMessageConverter.<clinit>()V+64
v  ~StubRoutines::call_stub
j  org.springframework.http.converter.support.AllEncompassingFormHttpMessageConverter.<init>()V+11
j  org.springframework.boot.autoconfigure.BackgroundPreinitializer$MessageConverterInitializer.run()V+4
j  org.springframework.boot.autoconfigure.BackgroundPreinitializer$1.runSafely(Ljava/lang/Runnable;)V+1
j  org.springframework.boot.autoconfigure.BackgroundPreinitializer$1.run()V+33
j  java.lang.Thread.run()V+11 java.base@17.0.1
v  ~StubRoutines::call_stub

---------------  P R O C E S S  ---------------

Threads class SMR info:
_java_thread_list=0x000001a3a890b2b0, length=24, elements={
0x000001a398718da0, 0x000001a3a6439aa0, 0x000001a3a643a8a0, 0x000001a3a6498a90,
0x000001a3a7008720, 0x000001a3a700b000, 0x000001a3a700e080, 0x000001a3a7029200,
0x000001a3a702a2e0, 0x000001a3a70b38b0, 0x000001a3a7187fb0, 0x000001a3a71fa170,
0x000001a3a7744140, 0x000001a3a77413e0, 0x000001a3a77418f0, 0x000001a3a7742730,
0x000001a3a773c1f0, 0x000001a3a7351d90, 0x000001a3a7bb3530, 0x000001a3a7bf11e0,
0x000001a3a7ba7840, 0x000001a3a7bf16b0, 0x000001a3a8844c30, 0x000001a3a8843dc0
}

Java Threads: ( => current thread )
  0x000001a398718da0 JavaThread "main" [_thread_blocked, id=10008, stack(0x000000371f500000,0x000000371f600000)]
  0x000001a3a6439aa0 JavaThread "Reference Handler" daemon [_thread_blocked, id=10628, stack(0x000000371fc00000,0x000000371fd00000)]
  0x000001a3a643a8a0 JavaThread "Finalizer" daemon [_thread_blocked, id=10696, stack(0x000000371fd00000,0x000000371fe00000)]
  0x000001a3a6498a90 JavaThread "Signal Dispatcher" daemon [_thread_blocked, id=12400, stack(0x000000371fe00000,0x000000371ff00000)]
  0x000001a3a7008720 JavaThread "Attach Listener" daemon [_thread_blocked, id=10652, stack(0x000000371ff00000,0x0000003720000000)]
  0x000001a3a700b000 JavaThread "Service Thread" daemon [_thread_blocked, id=8468, stack(0x0000003720000000,0x0000003720100000)]
  0x000001a3a700e080 JavaThread "Monitor Deflation Thread" daemon [_thread_blocked, id=10708, stack(0x0000003720100000,0x0000003720200000)]
  0x000001a3a7029200 JavaThread "C1 CompilerThread0" daemon [_thread_blocked, id=2352, stack(0x0000003720200000,0x0000003720300000)]
  0x000001a3a702a2e0 JavaThread "Sweeper thread" daemon [_thread_blocked, id=892, stack(0x0000003720300000,0x0000003720400000)]
  0x000001a3a70b38b0 JavaThread "Common-Cleaner" daemon [_thread_blocked, id=3084, stack(0x0000003720400000,0x0000003720500000)]
  0x000001a3a7187fb0 JavaThread "C1 CompilerThread1" daemon [_thread_blocked, id=10076, stack(0x0000003720500000,0x0000003720600000)]
  0x000001a3a71fa170 JavaThread "Notification Thread" daemon [_thread_blocked, id=10352, stack(0x0000003720600000,0x0000003720700000)]
  0x000001a3a7744140 JavaThread "C1 CompilerThread2" daemon [_thread_blocked, id=9988, stack(0x0000003720700000,0x0000003720800000)]
  0x000001a3a77413e0 JavaThread "C1 CompilerThread3" daemon [_thread_blocked, id=9692, stack(0x0000003720800000,0x0000003720900000)]
  0x000001a3a77418f0 JavaThread "RMI TCP Accept-0" daemon [_thread_in_native, id=12456, stack(0x0000003720900000,0x0000003720a00000)]
  0x000001a3a7742730 JavaThread "RMI TCP Accept-55068" daemon [_thread_in_native, id=12236, stack(0x0000003720a00000,0x0000003720b00000)]
  0x000001a3a773c1f0 JavaThread "RMI TCP Accept-0" daemon [_thread_in_native, id=3340, stack(0x0000003720b00000,0x0000003720c00000)]
  0x000001a3a7351d90 JavaThread "RMI TCP Connection(1)-127.0.0.1" daemon [_thread_in_native, id=9980, stack(0x0000003721600000,0x0000003721700000)]
  0x000001a3a7bb3530 JavaThread "RMI Scheduler(0)" daemon [_thread_blocked, id=10456, stack(0x0000003721700000,0x0000003721800000)]
  0x000001a3a7bf11e0 JavaThread "Thread-0" [_thread_blocked, id=9952, stack(0x0000003721800000,0x0000003721900000)]
  0x000001a3a7ba7840 JavaThread "RMI TCP Connection(2)-127.0.0.1" daemon [_thread_in_native, id=2580, stack(0x0000003721900000,0x0000003721a00000)]
  0x000001a3a7bf16b0 JavaThread "restartedMain" [_thread_in_vm, id=8112, stack(0x0000003721a00000,0x0000003721b00000)]
  0x000001a3a8844c30 JavaThread "JMX server connection timeout 25" daemon [_thread_blocked, id=9476, stack(0x0000003721b00000,0x0000003721c00000)]
=>0x000001a3a8843dc0 JavaThread "background-preinit" [_thread_in_vm, id=9696, stack(0x0000003721c00000,0x0000003721d00000)]

Other Threads:
  0x000001a3a6436940 VMThread "VM Thread" [stack: 0x000000371fb00000,0x000000371fc00000] [id=1304]
  0x000001a398774da0 WatcherThread [stack: 0x0000003720c00000,0x0000003720d00000] [id=3356]
  0x000001a398758660 GCTaskThread "GC Thread#0" [stack: 0x000000371f600000,0x000000371f700000] [id=8404]
  0x000001a3a7b8f030 GCTaskThread "GC Thread#1" [stack: 0x0000003720d00000,0x0000003720e00000] [id=5396]
  0x000001a3a7b8f2e0 GCTaskThread "GC Thread#2" [stack: 0x0000003720e00000,0x0000003720f00000] [id=8640]
  0x000001a3a7ba9090 GCTaskThread "GC Thread#3" [stack: 0x0000003720f00000,0x0000003721000000] [id=9652]
  0x000001a3a7bc6e90 GCTaskThread "GC Thread#4" [stack: 0x0000003721000000,0x0000003721100000] [id=10980]
  0x000001a3a7bc7140 GCTaskThread "GC Thread#5" [stack: 0x0000003721100000,0x0000003721200000] [id=1788]
  0x000001a3a7bc73f0 GCTaskThread "GC Thread#6" [stack: 0x0000003721200000,0x0000003721300000] [id=12920]
  0x000001a3a7bc76a0 GCTaskThread "GC Thread#7" [stack: 0x0000003721300000,0x0000003721400000] [id=12644]
  0x000001a3987698c0 ConcurrentGCThread "G1 Main Marker" [stack: 0x000000371f700000,0x000000371f800000] [id=6860]
  0x000001a39876a2d0 ConcurrentGCThread "G1 Conc#0" [stack: 0x000000371f800000,0x000000371f900000] [id=9916]
  0x000001a3987e2e20 ConcurrentGCThread "G1 Refine#0" [stack: 0x000000371f900000,0x000000371fa00000] [id=12988]
  0x000001a3a7b8f590 ConcurrentGCThread "G1 Refine#1" [stack: 0x0000003721400000,0x0000003721500000] [id=9048]
  0x000001a3a7b8f870 ConcurrentGCThread "G1 Refine#2" [stack: 0x0000003721500000,0x0000003721600000] [id=13236]
  0x000001a3987e3840 ConcurrentGCThread "G1 Service" [stack: 0x000000371fa00000,0x000000371fb00000] [id=12992]

Threads with active compile tasks:

VM state: not at safepoint (normal execution)

VM Mutex/Monitor currently owned by a thread:  ([mutex/lock_event])
[0x000001a398713c00] Metaspace_lock - owner thread: 0x000001a3a8843dc0

Heap address: 0x0000000082400000, size: 2012 MB, Compressed Oops mode: 32-bit

CDS archive(s) not mapped
Compressed class space mapped at: 0x0000000100000000-0x0000000140000000, reserved size: 1073741824
Narrow klass base: 0x0000000000000000, Narrow klass shift: 3, Narrow klass range: 0x140000000

GC Precious Log:
 CPUs: 8 total, 8 available
 Memory: 8042M
 Large Page Support: Disabled
 NUMA Support: Disabled
 Compressed Oops: Enabled (32-bit)
 Heap Region Size: 1M
 Heap Min Capacity: 8M
 Heap Initial Capacity: 126M
 Heap Max Capacity: 2012M
 Pre-touch: Disabled
 Parallel Workers: 8
 Concurrent Workers: 2
 Concurrent Refinement Workers: 8
 Periodic GC: Disabled

Heap:
 garbage-first heap   total 129024K, used 42543K [0x0000000082400000, 0x0000000100000000)
  region size 1024K, 37 young (37888K), 1 survivors (1024K)
 Metaspace       used 20059K, committed 20288K, reserved 1073152K
  class space    used 2325K, committed 2432K, reserved 1048576K

Heap Regions: E=young(eden), S=young(survivor), O=old, HS=humongous(starts), HC=humongous(continues), CS=collection set, F=free, OA=open archive, CA=closed archive, TAMS=top-at-mark-start (previous, next)
|   0|0x0000000082400000, 0x0000000082500000, 0x0000000082500000|100%|HS|  |TAMS 0x0000000082400000, 0x0000000082400000| Complete 
|   1|0x0000000082500000, 0x0000000082600000, 0x0000000082600000|100%| O|  |TAMS 0x0000000082500000, 0x0000000082500000| Untracked 
|   2|0x0000000082600000, 0x0000000082700000, 0x0000000082700000|100%| O|  |TAMS 0x0000000082600000, 0x0000000082600000| Untracked 
|   3|0x0000000082700000, 0x0000000082800000, 0x0000000082800000|100%| O|  |TAMS 0x0000000082700000, 0x0000000082700000| Untracked 
|   4|0x0000000082800000, 0x0000000082900000, 0x0000000082900000|100%| O|  |TAMS 0x0000000082800000, 0x0000000082800000| Untracked 
|   5|0x0000000082900000, 0x0000000082a00000, 0x0000000082a00000|100%| O|  |TAMS 0x0000000082900000, 0x0000000082900000| Untracked 
|   6|0x0000000082a00000, 0x0000000082b00000, 0x0000000082b00000|100%| O|  |TAMS 0x0000000082a00000, 0x0000000082a00000| Untracked 
|   7|0x0000000082b00000, 0x0000000082b20e00, 0x0000000082c00000| 12%| O|  |TAMS 0x0000000082b00000, 0x0000000082b00000| Untracked 
|   8|0x0000000082c00000, 0x0000000082c00000, 0x0000000082d00000|  0%| F|  |TAMS 0x0000000082c00000, 0x0000000082c00000| Untracked 
|   9|0x0000000082d00000, 0x0000000082d00000, 0x0000000082e00000|  0%| F|  |TAMS 0x0000000082d00000, 0x0000000082d00000| Untracked 
|  10|0x0000000082e00000, 0x0000000082e00000, 0x0000000082f00000|  0%| F|  |TAMS 0x0000000082e00000, 0x0000000082e00000| Untracked 
|  11|0x0000000082f00000, 0x0000000082f00000, 0x0000000083000000|  0%| F|  |TAMS 0x0000000082f00000, 0x0000000082f00000| Untracked 
|  12|0x0000000083000000, 0x0000000083000000, 0x0000000083100000|  0%| F|  |TAMS 0x0000000083000000, 0x0000000083000000| Untracked 
|  13|0x0000000083100000, 0x0000000083100000, 0x0000000083200000|  0%| F|  |TAMS 0x0000000083100000, 0x0000000083100000| Untracked 
|  14|0x0000000083200000, 0x0000000083200000, 0x0000000083300000|  0%| F|  |TAMS 0x0000000083200000, 0x0000000083200000| Untracked 
|  15|0x0000000083300000, 0x0000000083300000, 0x0000000083400000|  0%| F|  |TAMS 0x0000000083300000, 0x0000000083300000| Untracked 
|  16|0x0000000083400000, 0x0000000083400000, 0x0000000083500000|  0%| F|  |TAMS 0x0000000083400000, 0x0000000083400000| Untracked 
|  17|0x0000000083500000, 0x0000000083500000, 0x0000000083600000|  0%| F|  |TAMS 0x0000000083500000, 0x0000000083500000| Untracked 
|  18|0x0000000083600000, 0x0000000083600000, 0x0000000083700000|  0%| F|  |TAMS 0x0000000083600000, 0x0000000083600000| Untracked 
|  19|0x0000000083700000, 0x0000000083700000, 0x0000000083800000|  0%| F|  |TAMS 0x0000000083700000, 0x0000000083700000| Untracked 
|  20|0x0000000083800000, 0x0000000083800000, 0x0000000083900000|  0%| F|  |TAMS 0x0000000083800000, 0x0000000083800000| Untracked 
|  21|0x0000000083900000, 0x0000000083900000, 0x0000000083a00000|  0%| F|  |TAMS 0x0000000083900000, 0x0000000083900000| Untracked 
|  22|0x0000000083a00000, 0x0000000083a00000, 0x0000000083b00000|  0%| F|  |TAMS 0x0000000083a00000, 0x0000000083a00000| Untracked 
|  23|0x0000000083b00000, 0x0000000083b00000, 0x0000000083c00000|  0%| F|  |TAMS 0x0000000083b00000, 0x0000000083b00000| Untracked 
|  24|0x0000000083c00000, 0x0000000083c00000, 0x0000000083d00000|  0%| F|  |TAMS 0x0000000083c00000, 0x0000000083c00000| Untracked 
|  25|0x0000000083d00000, 0x0000000083d00000, 0x0000000083e00000|  0%| F|  |TAMS 0x0000000083d00000, 0x0000000083d00000| Untracked 
|  26|0x0000000083e00000, 0x0000000083e00000, 0x0000000083f00000|  0%| F|  |TAMS 0x0000000083e00000, 0x0000000083e00000| Untracked 
|  27|0x0000000083f00000, 0x0000000083f00000, 0x0000000084000000|  0%| F|  |TAMS 0x0000000083f00000, 0x0000000083f00000| Untracked 
|  28|0x0000000084000000, 0x0000000084000000, 0x0000000084100000|  0%| F|  |TAMS 0x0000000084000000, 0x0000000084000000| Untracked 
|  29|0x0000000084100000, 0x0000000084100000, 0x0000000084200000|  0%| F|  |TAMS 0x0000000084100000, 0x0000000084100000| Untracked 
|  30|0x0000000084200000, 0x0000000084200000, 0x0000000084300000|  0%| F|  |TAMS 0x0000000084200000, 0x0000000084200000| Untracked 
|  31|0x0000000084300000, 0x0000000084300000, 0x0000000084400000|  0%| F|  |TAMS 0x0000000084300000, 0x0000000084300000| Untracked 
|  32|0x0000000084400000, 0x0000000084400000, 0x0000000084500000|  0%| F|  |TAMS 0x0000000084400000, 0x0000000084400000| Untracked 
|  33|0x0000000084500000, 0x0000000084500000, 0x0000000084600000|  0%| F|  |TAMS 0x0000000084500000, 0x0000000084500000| Untracked 
|  34|0x0000000084600000, 0x0000000084600000, 0x0000000084700000|  0%| F|  |TAMS 0x0000000084600000, 0x0000000084600000| Untracked 
|  35|0x0000000084700000, 0x0000000084700000, 0x0000000084800000|  0%| F|  |TAMS 0x0000000084700000, 0x0000000084700000| Untracked 
|  36|0x0000000084800000, 0x0000000084800000, 0x0000000084900000|  0%| F|  |TAMS 0x0000000084800000, 0x0000000084800000| Untracked 
|  37|0x0000000084900000, 0x0000000084900000, 0x0000000084a00000|  0%| F|  |TAMS 0x0000000084900000, 0x0000000084900000| Untracked 
|  38|0x0000000084a00000, 0x0000000084a00000, 0x0000000084b00000|  0%| F|  |TAMS 0x0000000084a00000, 0x0000000084a00000| Untracked 
|  39|0x0000000084b00000, 0x0000000084b00000, 0x0000000084c00000|  0%| F|  |TAMS 0x0000000084b00000, 0x0000000084b00000| Untracked 
|  40|0x0000000084c00000, 0x0000000084c00000, 0x0000000084d00000|  0%| F|  |TAMS 0x0000000084c00000, 0x0000000084c00000| Untracked 
|  41|0x0000000084d00000, 0x0000000084d00000, 0x0000000084e00000|  0%| F|  |TAMS 0x0000000084d00000, 0x0000000084d00000| Untracked 
|  42|0x0000000084e00000, 0x0000000084e00000, 0x0000000084f00000|  0%| F|  |TAMS 0x0000000084e00000, 0x0000000084e00000| Untracked 
|  43|0x0000000084f00000, 0x0000000084f00000, 0x0000000085000000|  0%| F|  |TAMS 0x0000000084f00000, 0x0000000084f00000| Untracked 
|  44|0x0000000085000000, 0x0000000085000000, 0x0000000085100000|  0%| F|  |TAMS 0x0000000085000000, 0x0000000085000000| Untracked 
|  45|0x0000000085100000, 0x0000000085100000, 0x0000000085200000|  0%| F|  |TAMS 0x0000000085100000, 0x0000000085100000| Untracked 
|  46|0x0000000085200000, 0x0000000085200000, 0x0000000085300000|  0%| F|  |TAMS 0x0000000085200000, 0x0000000085200000| Untracked 
|  47|0x0000000085300000, 0x0000000085300000, 0x0000000085400000|  0%| F|  |TAMS 0x0000000085300000, 0x0000000085300000| Untracked 
|  48|0x0000000085400000, 0x0000000085400000, 0x0000000085500000|  0%| F|  |TAMS 0x0000000085400000, 0x0000000085400000| Untracked 
|  49|0x0000000085500000, 0x0000000085500000, 0x0000000085600000|  0%| F|  |TAMS 0x0000000085500000, 0x0000000085500000| Untracked 
|  50|0x0000000085600000, 0x0000000085600000, 0x0000000085700000|  0%| F|  |TAMS 0x0000000085600000, 0x0000000085600000| Untracked 
|  51|0x0000000085700000, 0x0000000085700000, 0x0000000085800000|  0%| F|  |TAMS 0x0000000085700000, 0x0000000085700000| Untracked 
|  52|0x0000000085800000, 0x0000000085800000, 0x0000000085900000|  0%| F|  |TAMS 0x0000000085800000, 0x0000000085800000| Untracked 
|  53|0x0000000085900000, 0x0000000085900000, 0x0000000085a00000|  0%| F|  |TAMS 0x0000000085900000, 0x0000000085900000| Untracked 
|  54|0x0000000085a00000, 0x0000000085a00000, 0x0000000085b00000|  0%| F|  |TAMS 0x0000000085a00000, 0x0000000085a00000| Untracked 
|  55|0x0000000085b00000, 0x0000000085b00000, 0x0000000085c00000|  0%| F|  |TAMS 0x0000000085b00000, 0x0000000085b00000| Untracked 
|  56|0x0000000085c00000, 0x0000000085c00000, 0x0000000085d00000|  0%| F|  |TAMS 0x0000000085c00000, 0x0000000085c00000| Untracked 
|  57|0x0000000085d00000, 0x0000000085d00000, 0x0000000085e00000|  0%| F|  |TAMS 0x0000000085d00000, 0x0000000085d00000| Untracked 
|  58|0x0000000085e00000, 0x0000000085e00000, 0x0000000085f00000|  0%| F|  |TAMS 0x0000000085e00000, 0x0000000085e00000| Untracked 
|  59|0x0000000085f00000, 0x0000000085f00000, 0x0000000086000000|  0%| F|  |TAMS 0x0000000085f00000, 0x0000000085f00000| Untracked 
|  60|0x0000000086000000, 0x0000000086000000, 0x0000000086100000|  0%| F|  |TAMS 0x0000000086000000, 0x0000000086000000| Untracked 
|  61|0x0000000086100000, 0x0000000086100000, 0x0000000086200000|  0%| F|  |TAMS 0x0000000086100000, 0x0000000086100000| Untracked 
|  62|0x0000000086200000, 0x0000000086200000, 0x0000000086300000|  0%| F|  |TAMS 0x0000000086200000, 0x0000000086200000| Untracked 
|  63|0x0000000086300000, 0x0000000086300000, 0x0000000086400000|  0%| F|  |TAMS 0x0000000086300000, 0x0000000086300000| Untracked 
|  64|0x0000000086400000, 0x0000000086400000, 0x0000000086500000|  0%| F|  |TAMS 0x0000000086400000, 0x0000000086400000| Untracked 
|  65|0x0000000086500000, 0x0000000086500000, 0x0000000086600000|  0%| F|  |TAMS 0x0000000086500000, 0x0000000086500000| Untracked 
|  66|0x0000000086600000, 0x0000000086600000, 0x0000000086700000|  0%| F|  |TAMS 0x0000000086600000, 0x0000000086600000| Untracked 
|  67|0x0000000086700000, 0x0000000086700000, 0x0000000086800000|  0%| F|  |TAMS 0x0000000086700000, 0x0000000086700000| Untracked 
|  68|0x0000000086800000, 0x0000000086800000, 0x0000000086900000|  0%| F|  |TAMS 0x0000000086800000, 0x0000000086800000| Untracked 
|  69|0x0000000086900000, 0x0000000086900000, 0x0000000086a00000|  0%| F|  |TAMS 0x0000000086900000, 0x0000000086900000| Untracked 
|  70|0x0000000086a00000, 0x0000000086a00000, 0x0000000086b00000|  0%| F|  |TAMS 0x0000000086a00000, 0x0000000086a00000| Untracked 
|  71|0x0000000086b00000, 0x0000000086b00000, 0x0000000086c00000|  0%| F|  |TAMS 0x0000000086b00000, 0x0000000086b00000| Untracked 
|  72|0x0000000086c00000, 0x0000000086c00000, 0x0000000086d00000|  0%| F|  |TAMS 0x0000000086c00000, 0x0000000086c00000| Untracked 
|  73|0x0000000086d00000, 0x0000000086d00000, 0x0000000086e00000|  0%| F|  |TAMS 0x0000000086d00000, 0x0000000086d00000| Untracked 
|  74|0x0000000086e00000, 0x0000000086e00000, 0x0000000086f00000|  0%| F|  |TAMS 0x0000000086e00000, 0x0000000086e00000| Untracked 
|  75|0x0000000086f00000, 0x0000000086f00000, 0x0000000087000000|  0%| F|  |TAMS 0x0000000086f00000, 0x0000000086f00000| Untracked 
|  76|0x0000000087000000, 0x0000000087000000, 0x0000000087100000|  0%| F|  |TAMS 0x0000000087000000, 0x0000000087000000| Untracked 
|  77|0x0000000087100000, 0x0000000087100000, 0x0000000087200000|  0%| F|  |TAMS 0x0000000087100000, 0x0000000087100000| Untracked 
|  78|0x0000000087200000, 0x0000000087200000, 0x0000000087300000|  0%| F|  |TAMS 0x0000000087200000, 0x0000000087200000| Untracked 
|  79|0x0000000087300000, 0x0000000087300000, 0x0000000087400000|  0%| F|  |TAMS 0x0000000087300000, 0x0000000087300000| Untracked 
|  80|0x0000000087400000, 0x0000000087400000, 0x0000000087500000|  0%| F|  |TAMS 0x0000000087400000, 0x0000000087400000| Untracked 
|  81|0x0000000087500000, 0x0000000087500000, 0x0000000087600000|  0%| F|  |TAMS 0x0000000087500000, 0x0000000087500000| Untracked 
|  82|0x0000000087600000, 0x0000000087600000, 0x0000000087700000|  0%| F|  |TAMS 0x0000000087600000, 0x0000000087600000| Untracked 
|  83|0x0000000087700000, 0x0000000087700000, 0x0000000087800000|  0%| F|  |TAMS 0x0000000087700000, 0x0000000087700000| Untracked 
|  84|0x0000000087800000, 0x0000000087800000, 0x0000000087900000|  0%| F|  |TAMS 0x0000000087800000, 0x0000000087800000| Untracked 
|  85|0x0000000087900000, 0x0000000087900000, 0x0000000087a00000|  0%| F|  |TAMS 0x0000000087900000, 0x0000000087900000| Untracked 
|  86|0x0000000087a00000, 0x0000000087a00000, 0x0000000087b00000|  0%| F|  |TAMS 0x0000000087a00000, 0x0000000087a00000| Untracked 
|  87|0x0000000087b00000, 0x0000000087b00000, 0x0000000087c00000|  0%| F|  |TAMS 0x0000000087b00000, 0x0000000087b00000| Untracked 
|  88|0x0000000087c00000, 0x0000000087c00000, 0x0000000087d00000|  0%| F|  |TAMS 0x0000000087c00000, 0x0000000087c00000| Untracked 
|  89|0x0000000087d00000, 0x0000000087df8ea0, 0x0000000087e00000| 97%| E|  |TAMS 0x0000000087d00000, 0x0000000087d00000| Complete 
|  90|0x0000000087e00000, 0x0000000087f00000, 0x0000000087f00000|100%| E|CS|TAMS 0x0000000087e00000, 0x0000000087e00000| Complete 
|  91|0x0000000087f00000, 0x0000000088000000, 0x0000000088000000|100%| E|CS|TAMS 0x0000000087f00000, 0x0000000087f00000| Complete 
|  92|0x0000000088000000, 0x0000000088100000, 0x0000000088100000|100%| E|CS|TAMS 0x0000000088000000, 0x0000000088000000| Complete 
|  93|0x0000000088100000, 0x0000000088200000, 0x0000000088200000|100%| E|CS|TAMS 0x0000000088100000, 0x0000000088100000| Complete 
|  94|0x0000000088200000, 0x0000000088300000, 0x0000000088300000|100%| E|CS|TAMS 0x0000000088200000, 0x0000000088200000| Complete 
|  95|0x0000000088300000, 0x000000008836b088, 0x0000000088400000| 41%| S|CS|TAMS 0x0000000088300000, 0x0000000088300000| Complete 
|  96|0x0000000088400000, 0x0000000088500000, 0x0000000088500000|100%| E|CS|TAMS 0x0000000088400000, 0x0000000088400000| Complete 
|  97|0x0000000088500000, 0x0000000088600000, 0x0000000088600000|100%| E|CS|TAMS 0x0000000088500000, 0x0000000088500000| Complete 
|  98|0x0000000088600000, 0x0000000088700000, 0x0000000088700000|100%| E|CS|TAMS 0x0000000088600000, 0x0000000088600000| Complete 
|  99|0x0000000088700000, 0x0000000088800000, 0x0000000088800000|100%| E|CS|TAMS 0x0000000088700000, 0x0000000088700000| Complete 
| 100|0x0000000088800000, 0x0000000088900000, 0x0000000088900000|100%| E|CS|TAMS 0x0000000088800000, 0x0000000088800000| Complete 
| 101|0x0000000088900000, 0x0000000088a00000, 0x0000000088a00000|100%| E|CS|TAMS 0x0000000088900000, 0x0000000088900000| Complete 
| 102|0x0000000088a00000, 0x0000000088b00000, 0x0000000088b00000|100%| E|CS|TAMS 0x0000000088a00000, 0x0000000088a00000| Complete 
| 103|0x0000000088b00000, 0x0000000088c00000, 0x0000000088c00000|100%| E|CS|TAMS 0x0000000088b00000, 0x0000000088b00000| Complete 
| 104|0x0000000088c00000, 0x0000000088d00000, 0x0000000088d00000|100%| E|CS|TAMS 0x0000000088c00000, 0x0000000088c00000| Complete 
| 105|0x0000000088d00000, 0x0000000088e00000, 0x0000000088e00000|100%| E|CS|TAMS 0x0000000088d00000, 0x0000000088d00000| Complete 
| 106|0x0000000088e00000, 0x0000000088f00000, 0x0000000088f00000|100%| E|CS|TAMS 0x0000000088e00000, 0x0000000088e00000| Complete 
| 107|0x0000000088f00000, 0x0000000089000000, 0x0000000089000000|100%| E|CS|TAMS 0x0000000088f00000, 0x0000000088f00000| Complete 
| 108|0x0000000089000000, 0x0000000089100000, 0x0000000089100000|100%| E|CS|TAMS 0x0000000089000000, 0x0000000089000000| Complete 
| 109|0x0000000089100000, 0x0000000089200000, 0x0000000089200000|100%| E|CS|TAMS 0x0000000089100000, 0x0000000089100000| Complete 
| 110|0x0000000089200000, 0x0000000089300000, 0x0000000089300000|100%| E|CS|TAMS 0x0000000089200000, 0x0000000089200000| Complete 
| 111|0x0000000089300000, 0x0000000089400000, 0x0000000089400000|100%| E|CS|TAMS 0x0000000089300000, 0x0000000089300000| Complete 
| 112|0x0000000089400000, 0x0000000089500000, 0x0000000089500000|100%| E|CS|TAMS 0x0000000089400000, 0x0000000089400000| Complete 
| 113|0x0000000089500000, 0x0000000089600000, 0x0000000089600000|100%| E|CS|TAMS 0x0000000089500000, 0x0000000089500000| Complete 
| 114|0x0000000089600000, 0x0000000089700000, 0x0000000089700000|100%| E|CS|TAMS 0x0000000089600000, 0x0000000089600000| Complete 
| 115|0x0000000089700000, 0x0000000089800000, 0x0000000089800000|100%| E|  |TAMS 0x0000000089700000, 0x0000000089700000| Complete 
| 116|0x0000000089800000, 0x0000000089900000, 0x0000000089900000|100%| E|CS|TAMS 0x0000000089800000, 0x0000000089800000| Complete 
| 117|0x0000000089900000, 0x0000000089a00000, 0x0000000089a00000|100%| E|CS|TAMS 0x0000000089900000, 0x0000000089900000| Complete 
| 118|0x0000000089a00000, 0x0000000089b00000, 0x0000000089b00000|100%| E|CS|TAMS 0x0000000089a00000, 0x0000000089a00000| Complete 
| 119|0x0000000089b00000, 0x0000000089c00000, 0x0000000089c00000|100%| E|CS|TAMS 0x0000000089b00000, 0x0000000089b00000| Complete 
| 120|0x0000000089c00000, 0x0000000089d00000, 0x0000000089d00000|100%| E|CS|TAMS 0x0000000089c00000, 0x0000000089c00000| Complete 
| 121|0x0000000089d00000, 0x0000000089e00000, 0x0000000089e00000|100%| E|CS|TAMS 0x0000000089d00000, 0x0000000089d00000| Complete 
| 122|0x0000000089e00000, 0x0000000089f00000, 0x0000000089f00000|100%| E|CS|TAMS 0x0000000089e00000, 0x0000000089e00000| Complete 
| 123|0x0000000089f00000, 0x000000008a000000, 0x000000008a000000|100%| E|CS|TAMS 0x0000000089f00000, 0x0000000089f00000| Complete 
| 124|0x000000008a000000, 0x000000008a100000, 0x000000008a100000|100%| E|CS|TAMS 0x000000008a000000, 0x000000008a000000| Complete 
| 125|0x000000008a100000, 0x000000008a200000, 0x000000008a200000|100%| E|CS|TAMS 0x000000008a100000, 0x000000008a100000| Complete 

Card table byte_map: [0x000001a39f2c0000,0x000001a39f6b0000] _byte_map_base: 0x000001a39eeae000

Marking Bits (Prev, Next): (CMBitMap*) 0x000001a398758c70, (CMBitMap*) 0x000001a398758cb0
 Prev Bits: [0x000001a39faa0000, 0x000001a3a1a10000)
 Next Bits: [0x000001a3a1a10000, 0x000001a3a3980000)

Polling page: 0x000001a3966f0000

Metaspace:

Usage:
  Non-class:     17.32 MB used.
      Class:      2.27 MB used.
       Both:     19.59 MB used.

Virtual space:
  Non-class space:       24.00 MB reserved,      17.44 MB ( 73%) committed,  3 nodes.
      Class space:        1.00 GB reserved,       2.38 MB ( <1%) committed,  1 nodes.
             Both:        1.02 GB reserved,      19.81 MB (  2%) committed. 

Chunk freelists:
   Non-Class:  2.23 MB
       Class:  1.58 MB
        Both:  3.81 MB

MaxMetaspaceSize: unlimited
CompressedClassSpaceSize: 1.00 GB
Initial GC threshold: 21.00 MB
Current GC threshold: 21.00 MB
CDS: off
MetaspaceReclaimPolicy: balanced
 - commit_granule_bytes: 65536.
 - commit_granule_words: 8192.
 - virtual_space_node_default_size: 1048576.
 - enlarge_chunks_in_place: 1.
 - new_chunks_are_fully_committed: 0.
 - uncommit_free_chunks: 1.
 - use_allocation_guard: 0.
 - handle_deallocations: 1.


Internal statistics:

num_allocs_failed_limit: 0.
num_arena_births: 238.
num_arena_deaths: 0.
num_vsnodes_births: 4.
num_vsnodes_deaths: 0.
num_space_committed: 317.
num_space_uncommitted: 0.
num_chunks_returned_to_freelist: 0.
num_chunks_taken_from_freelist: 550.
num_chunk_merges: 0.
num_chunk_splits: 332.
num_chunks_enlarged: 215.
num_purges: 0.
num_inconsistent_stats: 0.

CodeCache: size=49152Kb used=5691Kb max_used=5691Kb free=43460Kb
 bounds [0x000001a39bdc0000, 0x000001a39c350000, 0x000001a39edc0000]
 total_blobs=2416 nmethods=1953 adapters=387
 compilation: enabled
              stopped_count=0, restarted_count=0
 full_count=0

Compilation events (20 events):
Event: 0.882 Thread 0x000001a3a7744140 1944       1       java.util.Collections::emptyMap (4 bytes)
Event: 0.882 Thread 0x000001a3a7744140 nmethod 1944 0x000001a39c348190 code [0x000001a39c348320, 0x000001a39c3483d8]
Event: 0.883 Thread 0x000001a3a7187fb0 nmethod 1943 0x000001a39c348490 code [0x000001a39c348680, 0x000001a39c348ae8]
Event: 0.883 Thread 0x000001a3a7029200 1945       1       java.lang.reflect.Constructor::getRoot (5 bytes)
Event: 0.883 Thread 0x000001a3a7029200 nmethod 1945 0x000001a39c348d10 code [0x000001a39c348ea0, 0x000001a39c348f78]
Event: 0.894 Thread 0x000001a3a77413e0 1946       1       java.lang.invoke.LambdaFormEditor$TransformKey::<init> (15 bytes)
Event: 0.894 Thread 0x000001a3a77413e0 nmethod 1946 0x000001a39c349010 code [0x000001a39c3491a0, 0x000001a39c349298]
Event: 0.894 Thread 0x000001a3a7029200 1947       1       java.lang.reflect.Constructor::acquireConstructorAccessor (44 bytes)
Event: 0.894 Thread 0x000001a3a7744140 1949       1       jdk.internal.reflect.Reflection::isSubclassOf (21 bytes)
Event: 0.894 Thread 0x000001a3a7187fb0 1948       1       jdk.internal.reflect.ReflectionFactory::newConstructorAccessor (155 bytes)
Event: 0.894 Thread 0x000001a3a7744140 nmethod 1949 0x000001a39c349310 code [0x000001a39c3494c0, 0x000001a39c3495e8]
Event: 0.894 Thread 0x000001a3a7029200 nmethod 1947 0x000001a39c349690 code [0x000001a39c349860, 0x000001a39c349b38]
Event: 0.894 Thread 0x000001a3a7187fb0 nmethod 1948 0x000001a39c349c90 code [0x000001a39c349f00, 0x000001a39c34a738]
Event: 0.897 Thread 0x000001a3a7029200 1950       1       java.lang.invoke.DirectMethodHandle::shouldBeInitialized (127 bytes)
Event: 0.897 Thread 0x000001a3a7187fb0 1952       1       jdk.internal.org.objectweb.asm.Frame::setInputFrameFromDescriptor (175 bytes)
Event: 0.897 Thread 0x000001a3a77413e0 1951       1       jdk.internal.org.objectweb.asm.MethodWriter::computeAllFrames (510 bytes)
Event: 0.897 Thread 0x000001a3a7744140 1953       1       jdk.internal.org.objectweb.asm.Type::getArgumentTypes (154 bytes)
Event: 0.898 Thread 0x000001a3a7029200 nmethod 1950 0x000001a39c34ab10 code [0x000001a39c34ad20, 0x000001a39c34b198]
Event: 0.898 Thread 0x000001a3a7187fb0 nmethod 1952 0x000001a39c34b390 code [0x000001a39c34b580, 0x000001a39c34bad8]
Event: 0.898 Thread 0x000001a3a77413e0 nmethod 1951 0x000001a39c34be90 code [0x000001a39c34c100, 0x000001a39c34ca68]

GC Heap History (4 events):
Event: 0.551 GC heap before
{Heap before GC invocations=0 (full 0):
 garbage-first heap   total 129024K, used 23552K [0x0000000082400000, 0x0000000100000000)
  region size 1024K, 23 young (23552K), 0 survivors (0K)
 Metaspace       used 15075K, committed 15232K, reserved 1064960K
  class space    used 1580K, committed 1664K, reserved 1048576K
}
Event: 0.556 GC heap after
{Heap after GC invocations=1 (full 0):
 garbage-first heap   total 129024K, used 7189K [0x0000000082400000, 0x0000000100000000)
  region size 1024K, 3 young (3072K), 3 survivors (3072K)
 Metaspace       used 15075K, committed 15232K, reserved 1064960K
  class space    used 1580K, committed 1664K, reserved 1048576K
}
Event: 0.573 GC heap before
{Heap before GC invocations=1 (full 0):
 garbage-first heap   total 129024K, used 33813K [0x0000000082400000, 0x0000000100000000)
  region size 1024K, 30 young (30720K), 3 survivors (3072K)
 Metaspace       used 15508K, committed 15744K, reserved 1064960K
  class space    used 1638K, committed 1792K, reserved 1048576K
}
Event: 0.576 GC heap after
{Heap after GC invocations=2 (full 0):
 garbage-first heap   total 129024K, used 7727K [0x0000000082400000, 0x0000000100000000)
  region size 1024K, 1 young (1024K), 1 survivors (1024K)
 Metaspace       used 15508K, committed 15744K, reserved 1064960K
  class space    used 1638K, committed 1792K, reserved 1048576K
}

Deoptimization events (2 events):
Event: 0.507 Thread 0x000001a398718da0 DEOPT PACKING pc=0x000001a39bfef275 sp=0x000000371f5fd7c0
Event: 0.507 Thread 0x000001a398718da0 DEOPT UNPACKING pc=0x000001a39be12b43 sp=0x000000371f5fcc18 mode 3

Classes unloaded (0 events):
No events

Classes redefined (0 events):
No events

Internal exceptions (20 events):
Event: 0.720 Thread 0x000001a3a7bf16b0 Exception <a 'java/lang/NoSuchMethodError'{0x000000008871bdb0}: 'java.lang.Object java.lang.invoke.DirectMethodHandle$Holder.invokeSpecial(java.lang.Object, java.lang.Object, java.lang.Object, java.lang.Object, java.lang.Object, java.lang.Object, int)'> (0x000000008871bdb0) 
thrown [e:\jenkins\tmp\workspace\build\src\src\hotspot\share\interpreter\linkResolver.cpp, line 766]
Event: 0.720 Thread 0x000001a3a7bf16b0 Exception <a 'java/lang/NoSuchMethodError'{0x0000000088726310}: 'java.lang.Object java.lang.invoke.DirectMethodHandle$Holder.newInvokeSpecial(java.lang.Object, java.lang.Object, java.lang.Object, java.lang.Object, java.lang.Object, java.lang.Object, int)'> (0x0000000088726310) 
thrown [e:\jenkins\tmp\workspace\build\src\src\hotspot\share\interpreter\linkResolver.cpp, line 766]
Event: 0.720 Thread 0x000001a3a7bf16b0 Exception <a 'java/lang/NoSuchMethodError'{0x000000008872b350}: 'java.lang.Object java.lang.invoke.DirectMethodHandle$Holder.invokeSpecial(java.lang.Object, java.lang.Object, java.lang.Object, java.lang.Object, java.lang.Object, java.lang.Object, java.lang.Object, int)'> (0x000000008872b350) 
thrown [e:\jenkins\tmp\workspace\build\src\src\hotspot\share\interpreter\linkResolver.cpp, line 766]
Event: 0.769 Thread 0x000001a3a7bf16b0 Exception <a 'java/lang/NoSuchMethodError'{0x00000000886cb340}: 'int java.lang.invoke.DirectMethodHandle$Holder.invokeVirtual(java.lang.Object, java.lang.Object)'> (0x00000000886cb340) 
thrown [e:\jenkins\tmp\workspace\build\src\src\hotspot\share\interpreter\linkResolver.cpp, line 766]
Event: 0.783 Thread 0x000001a3a7bf16b0 Exception <a 'java/lang/NoSuchMethodError'{0x000000008855f108}: 'java.lang.Object java.lang.invoke.DirectMethodHandle$Holder.invokeSpecial(java.lang.Object, java.lang.Object, java.lang.Object, int, java.lang.Object)'> (0x000000008855f108) 
thrown [e:\jenkins\tmp\workspace\build\src\src\hotspot\share\interpreter\linkResolver.cpp, line 766]
Event: 0.784 Thread 0x000001a3a7bf16b0 Exception <a 'java/lang/NoSuchMethodError'{0x0000000088567678}: 'java.lang.Object java.lang.invoke.DirectMethodHandle$Holder.newInvokeSpecial(java.lang.Object, java.lang.Object, java.lang.Object, int, java.lang.Object)'> (0x0000000088567678) 
thrown [e:\jenkins\tmp\workspace\build\src\src\hotspot\share\interpreter\linkResolver.cpp, line 766]
Event: 0.786 Thread 0x000001a3a7bf16b0 Exception <a 'java/lang/NoSuchMethodError'{0x000000008857e798}: 'java.lang.Object java.lang.invoke.DirectMethodHandle$Holder.newInvokeSpecial(java.lang.Object, int, java.lang.Object)'> (0x000000008857e798) 
thrown [e:\jenkins\tmp\workspace\build\src\src\hotspot\share\interpreter\linkResolver.cpp, line 766]
Event: 0.786 Thread 0x000001a3a7bf16b0 Exception <a 'java/lang/NoSuchMethodError'{0x0000000088582768}: 'int java.lang.invoke.DirectMethodHandle$Holder.invokeSpecialIFC(java.lang.Object, java.lang.Object, java.lang.Object, java.lang.Object)'> (0x0000000088582768) 
thrown [e:\jenkins\tmp\workspace\build\src\src\hotspot\share\interpreter\linkResolver.cpp, line 766]
Event: 0.801 Thread 0x000001a3a7bf16b0 Exception <a 'java/lang/NoSuchMethodError'{0x000000008843f760}: 'java.lang.Object java.lang.invoke.DirectMethodHandle$Holder.invokeInterface(java.lang.Object, java.lang.Object)'> (0x000000008843f760) 
thrown [e:\jenkins\tmp\workspace\build\src\src\hotspot\share\interpreter\linkResolver.cpp, line 766]
Event: 0.804 Thread 0x000001a3a7bf16b0 Exception <a 'java/lang/NoSuchMethodError'{0x0000000088450948}: 'void java.lang.invoke.DirectMethodHandle$Holder.invokeInterface(java.lang.Object, java.lang.Object, java.lang.Object)'> (0x0000000088450948) 
thrown [e:\jenkins\tmp\workspace\build\src\src\hotspot\share\interpreter\linkResolver.cpp, line 766]
Event: 0.818 Thread 0x000001a3a7bf16b0 Exception <a 'java/lang/NoSuchMethodError'{0x00000000884eb3b0}: 'java.lang.Object java.lang.invoke.DirectMethodHandle$Holder.invokeVirtual(java.lang.Object, java.lang.Object, java.lang.Object)'> (0x00000000884eb3b0) 
thrown [e:\jenkins\tmp\workspace\build\src\src\hotspot\share\interpreter\linkResolver.cpp, line 766]
Event: 0.831 Thread 0x000001a3a7bf16b0 Exception <a 'java/lang/NoSuchMethodError'{0x00000000882862f0}: 'void java.lang.invoke.DirectMethodHandle$Holder.invokeStatic(java.lang.Object, java.lang.Object, int)'> (0x00000000882862f0) 
thrown [e:\jenkins\tmp\workspace\build\src\src\hotspot\share\interpreter\linkResolver.cpp, line 766]
Event: 0.832 Thread 0x000001a3a7bf16b0 Exception <a 'java/lang/NoSuchMethodError'{0x000000008828e060}: 'void java.lang.invoke.DirectMethodHandle$Holder.invokeStaticInit(java.lang.Object, java.lang.Object)'> (0x000000008828e060) 
thrown [e:\jenkins\tmp\workspace\build\src\src\hotspot\share\interpreter\linkResolver.cpp, line 766]
Event: 0.835 Thread 0x000001a3a7bf16b0 Exception <a 'java/lang/NoSuchMethodError'{0x000000008829ba28}: 'void java.lang.invoke.DirectMethodHandle$Holder.invokeStaticInit(java.lang.Object, java.lang.Object, java.lang.Object)'> (0x000000008829ba28) 
thrown [e:\jenkins\tmp\workspace\build\src\src\hotspot\share\interpreter\linkResolver.cpp, line 766]
Event: 0.845 Thread 0x000001a3a7bf16b0 Exception <a 'java/lang/NoSuchMethodError'{0x00000000882eab20}: 'void java.lang.invoke.DirectMethodHandle$Holder.invokeVirtual(java.lang.Object, java.lang.Object, java.lang.Object, java.lang.Object)'> (0x00000000882eab20) 
thrown [e:\jenkins\tmp\workspace\build\src\src\hotspot\share\interpreter\linkResolver.cpp, line 766]
Event: 0.870 Thread 0x000001a3a7bf16b0 Exception <a 'java/lang/NoSuchMethodError'{0x000000008802e168}: 'void java.lang.invoke.DirectMethodHandle$Holder.invokeSpecial(java.lang.Object, java.lang.Object, java.lang.Object)'> (0x000000008802e168) 
thrown [e:\jenkins\tmp\workspace\build\src\src\hotspot\share\interpreter\linkResolver.cpp, line 766]
Event: 0.870 Thread 0x000001a3a7bf16b0 Exception <a 'java/lang/NoSuchMethodError'{0x0000000088034740}: 'void java.lang.invoke.DirectMethodHandle$Holder.invokeSpecial(java.lang.Object, java.lang.Object, java.lang.Object, java.lang.Object, java.lang.Object)'> (0x0000000088034740) 
thrown [e:\jenkins\tmp\workspace\build\src\src\hotspot\share\interpreter\linkResolver.cpp, line 766]
Event: 0.876 Thread 0x000001a3a8843dc0 Exception <a 'java/lang/NoClassDefFoundError'{0x00000000880ac1a8}: javax/validation/Validation> (0x00000000880ac1a8) 
thrown [e:\jenkins\tmp\workspace\build\src\src\hotspot\share\classfile\systemDictionary.cpp, line 245]
Event: 0.897 Thread 0x000001a3a8843dc0 Exception <a 'java/lang/NoSuchMethodError'{0x0000000087d68740}: 'java.lang.Object java.lang.invoke.DirectMethodHandle$Holder.invokeStaticInit(java.lang.Object, java.lang.Object, java.lang.Object)'> (0x0000000087d68740) 
thrown [e:\jenkins\tmp\workspace\build\src\src\hotspot\share\interpreter\linkResolver.cpp, line 766]
Event: 0.898 Thread 0x000001a3a8843dc0 Exception <a 'java/lang/NoSuchMethodError'{0x0000000087d6e630}: 'java.lang.Object java.lang.invoke.DirectMethodHandle$Holder.invokeStaticInit(java.lang.Object, java.lang.Object, java.lang.Object, java.lang.Object, java.lang.Object)'> (0x0000000087d6e630) 
thrown [e:\jenkins\tmp\workspace\build\src\src\hotspot\share\interpreter\linkResolver.cpp, line 766]

VM Operations (20 events):
Event: 0.295 Executing VM operation: HandshakeAllThreads
Event: 0.295 Executing VM operation: HandshakeAllThreads done
Event: 0.346 Executing VM operation: HandshakeAllThreads
Event: 0.346 Executing VM operation: HandshakeAllThreads done
Event: 0.480 Executing VM operation: HandshakeAllThreads
Event: 0.480 Executing VM operation: HandshakeAllThreads done
Event: 0.550 Executing VM operation: G1CollectForAllocation
Event: 0.556 Executing VM operation: G1CollectForAllocation done
Event: 0.573 Executing VM operation: G1CollectForAllocation
Event: 0.576 Executing VM operation: G1CollectForAllocation done
Event: 0.614 Executing VM operation: HandshakeAllThreads
Event: 0.614 Executing VM operation: HandshakeAllThreads done
Event: 0.624 Executing VM operation: HandshakeAllThreads
Event: 0.624 Executing VM operation: HandshakeAllThreads done
Event: 0.768 Executing VM operation: HandshakeAllThreads
Event: 0.768 Executing VM operation: HandshakeAllThreads done
Event: 0.874 Executing VM operation: ICBufferFull
Event: 0.875 Executing VM operation: ICBufferFull done
Event: 0.881 Executing VM operation: HandshakeAllThreads
Event: 0.881 Executing VM operation: HandshakeAllThreads done

Events (20 events):
Event: 0.897 loading class javax/xml/stream/XMLStreamException done
Event: 0.897 loading class org/xml/sax/SAXException
Event: 0.897 loading class org/xml/sax/SAXException done
Event: 0.897 loading class javax/xml/parsers/ParserConfigurationException
Event: 0.897 loading class javax/xml/parsers/ParserConfigurationException done
Event: 0.897 loading class org/w3c/dom/Node
Event: 0.897 loading class org/w3c/dom/Node done
Event: 0.897 loading class org/xml/sax/EntityResolver
Event: 0.897 loading class org/xml/sax/EntityResolver done
Event: 0.897 loading class sun/invoke/util/VerifyAccess$1
Event: 0.897 loading class sun/invoke/util/VerifyAccess$1 done
Event: 0.898 loading class javax/xml/stream/XMLResolver
Event: 0.898 loading class javax/xml/stream/XMLResolver done
Event: 0.898 loading class javax/xml/transform/dom/DOMSource
Event: 0.898 loading class javax/xml/transform/dom/DOMSource done
Event: 0.898 loading class javax/xml/transform/sax/SAXSource
Event: 0.898 loading class javax/xml/transform/sax/SAXSource done
Event: 0.898 loading class javax/xml/transform/stax/StAXSource
Event: 0.898 loading class javax/xml/transform/stax/StAXSource done
Event: 0.898 loading class javax/xml/transform/stream/StreamSource


Dynamic libraries:
0x00007ff7cbed0000 - 0x00007ff7cbede000 	C:\sts\plugins\org.eclipse.justj.openjdk.hotspot.jre.full.win32.x86_64_17.0.1.v20211116-1657\jre\bin\javaw.exe
0x00007fffe8370000 - 0x00007fffe8565000 	C:\Windows\SYSTEM32\ntdll.dll
0x00007fffe72e0000 - 0x00007fffe739e000 	C:\Windows\System32\KERNEL32.DLL
0x00007fffe5c50000 - 0x00007fffe5f18000 	C:\Windows\System32\KERNELBASE.dll
0x00007fffe60b0000 - 0x00007fffe61b0000 	C:\Windows\System32\ucrtbase.dll
0x00007fffd1c20000 - 0x00007fffd1c39000 	C:\sts\plugins\org.eclipse.justj.openjdk.hotspot.jre.full.win32.x86_64_17.0.1.v20211116-1657\jre\bin\VCRUNTIME140.dll
0x00007fffd1c40000 - 0x00007fffd1c58000 	C:\sts\plugins\org.eclipse.justj.openjdk.hotspot.jre.full.win32.x86_64_17.0.1.v20211116-1657\jre\bin\jli.dll
0x00007fffe7530000 - 0x00007fffe76d0000 	C:\Windows\System32\USER32.dll
0x00007fffcb020000 - 0x00007fffcb2ba000 	C:\Windows\WinSxS\amd64_microsoft.windows.common-controls_6595b64144ccf1df_6.0.19041.1110_none_60b5254171f9507e\COMCTL32.dll
0x00007fffe5f70000 - 0x00007fffe5f92000 	C:\Windows\System32\win32u.dll
0x00007fffe7790000 - 0x00007fffe782e000 	C:\Windows\System32\msvcrt.dll
0x00007fffe7980000 - 0x00007fffe79ab000 	C:\Windows\System32\GDI32.dll
0x00007fffe5fa0000 - 0x00007fffe60ab000 	C:\Windows\System32\gdi32full.dll
0x00007fffe5b40000 - 0x00007fffe5bdd000 	C:\Windows\System32\msvcp_win.dll
0x00007fffe6840000 - 0x00007fffe6870000 	C:\Windows\System32\IMM32.DLL
0x00007fffdd890000 - 0x00007fffdd89c000 	C:\sts\plugins\org.eclipse.justj.openjdk.hotspot.jre.full.win32.x86_64_17.0.1.v20211116-1657\jre\bin\vcruntime140_1.dll
0x00007fffc8150000 - 0x00007fffc81e1000 	C:\sts\plugins\org.eclipse.justj.openjdk.hotspot.jre.full.win32.x86_64_17.0.1.v20211116-1657\jre\bin\msvcp140.dll
0x00007fffaf6c0000 - 0x00007fffb0306000 	C:\sts\plugins\org.eclipse.justj.openjdk.hotspot.jre.full.win32.x86_64_17.0.1.v20211116-1657\jre\bin\server\jvm.dll
0x00007fffe6e90000 - 0x00007fffe6f3e000 	C:\Windows\System32\ADVAPI32.dll
0x00007fffe76f0000 - 0x00007fffe778c000 	C:\Windows\System32\sechost.dll
0x00007fffe6cb0000 - 0x00007fffe6dd5000 	C:\Windows\System32\RPCRT4.dll
0x00007fffe76d0000 - 0x00007fffe76d8000 	C:\Windows\System32\PSAPI.DLL
0x00007fffccc60000 - 0x00007fffccc87000 	C:\Windows\SYSTEM32\WINMM.dll
0x00007fffe1680000 - 0x00007fffe1689000 	C:\Windows\SYSTEM32\WSOCK32.dll
0x00007fffdf0b0000 - 0x00007fffdf0ba000 	C:\Windows\SYSTEM32\VERSION.dll
0x00007fffe7830000 - 0x00007fffe789b000 	C:\Windows\System32\WS2_32.dll
0x00007fffe3960000 - 0x00007fffe3972000 	C:\Windows\SYSTEM32\kernel.appcore.dll
0x00007fffe16b0000 - 0x00007fffe16ba000 	C:\sts\plugins\org.eclipse.justj.openjdk.hotspot.jre.full.win32.x86_64_17.0.1.v20211116-1657\jre\bin\jimage.dll
0x00007fffd5d70000 - 0x00007fffd5f54000 	C:\Windows\SYSTEM32\DBGHELP.DLL
0x00007fffcee30000 - 0x00007fffcee5c000 	C:\Windows\SYSTEM32\dbgcore.DLL
0x00007fffe6310000 - 0x00007fffe6392000 	C:\Windows\System32\bcryptPrimitives.dll
0x00007fffd4a50000 - 0x00007fffd4a75000 	C:\sts\plugins\org.eclipse.justj.openjdk.hotspot.jre.full.win32.x86_64_17.0.1.v20211116-1657\jre\bin\java.dll
0x00007fffd2040000 - 0x00007fffd2058000 	C:\sts\plugins\org.eclipse.justj.openjdk.hotspot.jre.full.win32.x86_64_17.0.1.v20211116-1657\jre\bin\zip.dll
0x00007fffe7a10000 - 0x00007fffe8154000 	C:\Windows\System32\SHELL32.dll
0x00007fffe3b60000 - 0x00007fffe42f4000 	C:\Windows\SYSTEM32\windows.storage.dll
0x00007fffe6950000 - 0x00007fffe6ca4000 	C:\Windows\System32\combase.dll
0x00007fffe5340000 - 0x00007fffe536c000 	C:\Windows\SYSTEM32\Wldp.dll
0x00007fffe6de0000 - 0x00007fffe6e8d000 	C:\Windows\System32\SHCORE.dll
0x00007fffe79b0000 - 0x00007fffe7a05000 	C:\Windows\System32\shlwapi.dll
0x00007fffe59d0000 - 0x00007fffe59ef000 	C:\Windows\SYSTEM32\profapi.dll
0x00007fffd2020000 - 0x00007fffd2039000 	C:\sts\plugins\org.eclipse.justj.openjdk.hotspot.jre.full.win32.x86_64_17.0.1.v20211116-1657\jre\bin\net.dll
0x00007fffdc1e0000 - 0x00007fffdc2e9000 	C:\Windows\SYSTEM32\WINHTTP.dll
0x00007fffe5120000 - 0x00007fffe518a000 	C:\Windows\system32\mswsock.dll
0x00007fffd2000000 - 0x00007fffd2015000 	C:\sts\plugins\org.eclipse.justj.openjdk.hotspot.jre.full.win32.x86_64_17.0.1.v20211116-1657\jre\bin\nio.dll
0x00007fffdd500000 - 0x00007fffdd509000 	C:\sts\plugins\org.eclipse.justj.openjdk.hotspot.jre.full.win32.x86_64_17.0.1.v20211116-1657\jre\bin\management.dll
0x00007fffdd290000 - 0x00007fffdd29b000 	C:\sts\plugins\org.eclipse.justj.openjdk.hotspot.jre.full.win32.x86_64_17.0.1.v20211116-1657\jre\bin\management_ext.dll
0x00007fffc87a0000 - 0x00007fffc87b7000 	C:\Windows\system32\napinsp.dll
0x00007fffc87c0000 - 0x00007fffc87db000 	C:\Windows\system32\pnrpnsp.dll
0x00007fffe08b0000 - 0x00007fffe08c5000 	C:\Windows\system32\wshbth.dll
0x00007fffe15f0000 - 0x00007fffe160d000 	C:\Windows\system32\NLAapi.dll
0x00007fffe4e30000 - 0x00007fffe4e6b000 	C:\Windows\SYSTEM32\IPHLPAPI.DLL
0x00007fffe4e70000 - 0x00007fffe4f3a000 	C:\Windows\SYSTEM32\DNSAPI.dll
0x00007fffe76e0000 - 0x00007fffe76e8000 	C:\Windows\System32\NSI.dll
0x00007fffc87e0000 - 0x00007fffc87f2000 	C:\Windows\System32\winrnr.dll
0x00007fffdb0a0000 - 0x00007fffdb0aa000 	C:\Windows\System32\rasadhlp.dll
0x00007fffe0450000 - 0x00007fffe04cf000 	C:\Windows\System32\fwpuclnt.dll
0x00007fffe63a0000 - 0x00007fffe63c7000 	C:\Windows\System32\bcrypt.dll
0x00007fffe5380000 - 0x00007fffe5398000 	C:\Windows\SYSTEM32\CRYPTSP.dll
0x00007fffe4ac0000 - 0x00007fffe4af4000 	C:\Windows\system32\rsaenh.dll
0x00007fffe5990000 - 0x00007fffe59be000 	C:\Windows\SYSTEM32\USERENV.dll
0x00007fffe52b0000 - 0x00007fffe52bc000 	C:\Windows\SYSTEM32\CRYPTBASE.dll
0x00007fffe0160000 - 0x00007fffe0177000 	C:\Windows\SYSTEM32\dhcpcsvc6.DLL
0x00007fffe0040000 - 0x00007fffe005d000 	C:\Windows\SYSTEM32\dhcpcsvc.DLL
0x00007fffe0420000 - 0x00007fffe0430000 	C:\sts\plugins\org.eclipse.justj.openjdk.hotspot.jre.full.win32.x86_64_17.0.1.v20211116-1657\jre\bin\verify.dll

dbghelp: loaded successfully - version: 4.0.5 - missing functions: none
symbol engine: initialized successfully - sym options: 0x614 - pdb path: .;C:\sts\plugins\org.eclipse.justj.openjdk.hotspot.jre.full.win32.x86_64_17.0.1.v20211116-1657\jre\bin;C:\Windows\SYSTEM32;C:\Windows\WinSxS\amd64_microsoft.windows.common-controls_6595b64144ccf1df_6.0.19041.1110_none_60b5254171f9507e;C:\sts\plugins\org.eclipse.justj.openjdk.hotspot.jre.full.win32.x86_64_17.0.1.v20211116-1657\jre\bin\server

VM Arguments:
jvm_args: -Dcom.sun.management.jmxremote -Dcom.sun.management.jmxremote.port=55068 -Dcom.sun.management.jmxremote.authenticate=false -Dcom.sun.management.jmxremote.ssl=false -Djava.rmi.server.hostname=localhost -Dspring.jmx.enabled=true -Dspring.application.admin.enabled=true -XX:TieredStopAtLevel=1 -Dspring.boot.project.name=jpabdalumnos -Dfile.encoding=Cp1252 -XX:+ShowCodeDetailsInExceptionMessages 
java_command: com.fptxurdinaga.jpabdalumnos.JpabdalumnosApplication --spring.output.ansi.enabled=always
java_class_path (initial): C:\Users\ir_inf\git\jpabdalumnos\target\classes;C:\Users\ir_inf\.m2\repository\org\springframework\boot\spring-boot-starter-data-jpa\2.6.4\spring-boot-starter-data-jpa-2.6.4.jar;C:\Users\ir_inf\.m2\repository\org\springframework\boot\spring-boot-starter-aop\2.6.4\spring-boot-starter-aop-2.6.4.jar;C:\Users\ir_inf\.m2\repository\org\springframework\spring-aop\5.3.16\spring-aop-5.3.16.jar;C:\Users\ir_inf\.m2\repository\org\aspectj\aspectjweaver\1.9.7\aspectjweaver-1.9.7.jar;C:\Users\ir_inf\.m2\repository\org\springframework\boot\spring-boot-starter-jdbc\2.6.4\spring-boot-starter-jdbc-2.6.4.jar;C:\Users\ir_inf\.m2\repository\com\zaxxer\HikariCP\4.0.3\HikariCP-4.0.3.jar;C:\Users\ir_inf\.m2\repository\org\springframework\spring-jdbc\5.3.16\spring-jdbc-5.3.16.jar;C:\Users\ir_inf\.m2\repository\jakarta\transaction\jakarta.transaction-api\1.3.3\jakarta.transaction-api-1.3.3.jar;C:\Users\ir_inf\.m2\repository\jakarta\persistence\jakarta.persistence-api\2.2.3\jakarta.persistence-api-2.2.3.jar;C:\Users\ir_inf\.m2\repository\org\hibernate\hibernate-core\5.6.5.Final\hibernate-core-5.6.5.Final.jar;C:\Users\ir_inf\.m2\repository\org\jboss\logging\jboss-logging\3.4.3.Final\jboss-logging-3.4.3.Final.jar;C:\Users\ir_inf\.m2\repository\net\bytebuddy\byte-buddy\1.11.22\byte-buddy-1.11.22.jar;C:\Users\ir_inf\.m2\repository\antlr\antlr\2.7.7\antlr-2.7.7.jar;C:\Users\ir_inf\.m2\repository\org\jboss\jandex\2.4.2.Final\jandex-2.4.2.Final.jar;C:\Users\ir_inf\.m2\repository\com\fasterxml\classmate\1.5.1\classmate-1.5.1.jar;C:\Users\ir_inf\.m2\repository\org\hibernate\common\hibernate-commons-annotations\5.1.2.Final\hibernate-commons-annotations-5.1.2.Final.jar;C:\Users\ir_inf\.m2\repository\org\glassfish\jaxb\jaxb-runtime\2.3.6\jaxb-runtime-2.3.6.jar;C:\Users\ir_inf\.m2\repository\org\glassfish\jaxb\txw2\2.3.6\txw2-2.3.6.jar;C:\Users\ir_inf\.m2\repository\com\sun\istack\istack-commons-runtime\3.0.12\istack-commons-runtime-3.0.12.jar;C:\Users\ir_inf\.m2\repository\c
Launcher Type: SUN_STANDARD

[Global flags]
     intx CICompilerCount                          = 4                                         {product} {ergonomic}
     uint ConcGCThreads                            = 2                                         {product} {ergonomic}
     uint G1ConcRefinementThreads                  = 8                                         {product} {ergonomic}
   size_t G1HeapRegionSize                         = 1048576                                   {product} {ergonomic}
    uintx GCDrainStackTargetSize                   = 64                                        {product} {ergonomic}
   size_t InitialHeapSize                          = 132120576                                 {product} {ergonomic}
     bool ManagementServer                         = true                                      {product} {command line}
   size_t MarkStackSize                            = 4194304                                   {product} {ergonomic}
   size_t MaxHeapSize                              = 2109734912                                {product} {ergonomic}
   size_t MaxNewSize                               = 1265631232                                {product} {ergonomic}
   size_t MinHeapDeltaBytes                        = 1048576                                   {product} {ergonomic}
   size_t MinHeapSize                              = 8388608                                   {product} {ergonomic}
    uintx NonProfiledCodeHeapSize                  = 0                                      {pd product} {ergonomic}
     bool ProfileInterpreter                       = false                                  {pd product} {command line}
    uintx ProfiledCodeHeapSize                     = 0                                      {pd product} {ergonomic}
     bool ShowCodeDetailsInExceptionMessages       = true                                   {manageable} {command line}
   size_t SoftMaxHeapSize                          = 2109734912                             {manageable} {ergonomic}
     intx TieredStopAtLevel                        = 1                                         {product} {command line}
     bool UseCompressedClassPointers               = true                           {product lp64_product} {ergonomic}
     bool UseCompressedOops                        = true                           {product lp64_product} {ergonomic}
     bool UseG1GC                                  = true                                      {product} {ergonomic}
     bool UseLargePagesIndividualAllocation        = false                                  {pd product} {ergonomic}

Logging:
Log output configuration:
 #0: stdout all=warning uptime,level,tags
 #1: stderr all=off uptime,level,tags

Environment Variables:
JAVA_HOME=C:\Program Files\Java\jdk-17
PATH=C:/sts//plugins/org.eclipse.justj.openjdk.hotspot.jre.full.win32.x86_64_17.0.1.v20211116-1657/jre/bin/server;C:/sts//plugins/org.eclipse.justj.openjdk.hotspot.jre.full.win32.x86_64_17.0.1.v20211116-1657/jre/bin;C:\Program Files\Common Files\Oracle\Java\javapath;C:\Windows\system32;C:\Windows;C:\Windows\System32\Wbem;C:\Windows\System32\WindowsPowerShell\v1.0\;C:\Windows\System32\OpenSSH\;C:\Program Files\Docker\Docker\resources\bin;C:\ProgramData\DockerDesktop\version-bin;C:\Users\ir_inf\AppData\Local\Microsoft\WindowsApps;C:\Users\ir_inf\AppData\Local\GitHubDesktop\bin;C:\maven\bin;;C:\sts;
USERNAME=ir_inf
OS=Windows_NT
PROCESSOR_IDENTIFIER=Intel64 Family 6 Model 142 Stepping 11, GenuineIntel



---------------  S Y S T E M  ---------------

OS:
 Windows 10 , 64 bit Build 19041 (10.0.19041.1566)
OS uptime: 0 days 3:55 hours
Hyper-V role detected

CPU: total 8 (initial active 8) (4 cores per cpu, 2 threads per core) family 6 model 142 stepping 11 microcode 0xae, cx8, cmov, fxsr, ht, mmx, 3dnowpref, sse, sse2, sse3, ssse3, sse4.1, sse4.2, popcnt, lzcnt, tsc, tscinvbit, avx, avx2, aes, erms, clmul, bmi1, bmi2, adx, fma, vzeroupper, clflush, clflushopt, hv

Memory: 4k page, system-wide physical 8042M (460M free)
TotalPageFile size 8042M (AvailPageFile size 5M)
current process WorkingSet (physical memory assigned to process): 106M, peak: 106M
current process commit charge ("private bytes"): 228M, peak: 228M

vm_info: OpenJDK 64-Bit Server VM (17.0.1+12) for windows-amd64 JRE (17.0.1+12), built on Oct 20 2021 07:42:55 by "" with MS VC++ 16.7 (VS2019)

END.
